[0m16:15:01.173007 [debug] [MainThread]: Sending event: {'category': 'dbt', 'action': 'invocation', 'label': 'start', 'context': [<snowplow_tracker.self_describing_json.SelfDescribingJson object at 0x0000021450E4EDB0>, <snowplow_tracker.self_describing_json.SelfDescribingJson object at 0x0000021450E4EEA0>, <snowplow_tracker.self_describing_json.SelfDescribingJson object at 0x0000021450E4EED0>]}


============================== 16:15:01.176580 | 0935ee44-2d6a-4a6c-8660-4aea94f23b8b ==============================
[0m16:15:01.176580 [info ] [MainThread]: Running with dbt=1.7.9
[0m16:15:01.176580 [debug] [MainThread]: running dbt with arguments {'printer_width': '80', 'indirect_selection': 'eager', 'write_json': 'True', 'log_cache_events': 'False', 'partial_parse': 'True', 'cache_selected_only': 'False', 'warn_error': 'None', 'version_check': 'True', 'profiles_dir': 'C:\\Users\\cohen\\.dbt', 'log_path': 'logs', 'fail_fast': 'False', 'debug': 'False', 'use_colors': 'True', 'use_experimental_parser': 'False', 'no_print': 'None', 'quiet': 'False', 'warn_error_options': 'WarnErrorOptions(include=[], exclude=[])', 'introspect': 'True', 'invocation_command': 'dbt init', 'log_format': 'default', 'target_path': 'None', 'static_parser': 'True', 'send_anonymous_usage_stats': 'True'}
[0m16:15:01.176580 [warn ] [MainThread]: [ConfigFolderDirectory]: Unable to parse dict {'dir': WindowsPath('C:/Users/cohen/.dbt')}
[0m16:15:01.176580 [info ] [MainThread]: Creating dbt configuration folder at 
[0m16:15:35.445508 [debug] [MainThread]: Starter project path: C:\Users\cohen\anaconda3\Lib\site-packages\dbt\include\starter_project
[0m16:15:35.465575 [info ] [MainThread]: 
Your new dbt project "datatest" was created!

For more information on how to configure the profiles.yml file,
please consult the dbt documentation here:

  https://docs.getdbt.com/docs/configure-your-profile

One more thing:

Need help? Don't hesitate to reach out to us via GitHub issues or on Slack:

  https://community.getdbt.com/

Happy modeling!

[0m16:15:35.466576 [info ] [MainThread]: Setting up your profile.
[0m16:15:49.961201 [info ] [MainThread]: Profile datatest written to C:\Users\cohen\.dbt\profiles.yml using target's sample configuration. Once updated, you'll be able to start developing with dbt.
[0m16:15:49.962202 [debug] [MainThread]: Command `dbt init` succeeded at 16:15:49.962202 after 48.85 seconds
[0m16:15:49.963203 [debug] [MainThread]: Sending event: {'category': 'dbt', 'action': 'invocation', 'label': 'end', 'context': [<snowplow_tracker.self_describing_json.SelfDescribingJson object at 0x0000021450A9E630>, <snowplow_tracker.self_describing_json.SelfDescribingJson object at 0x000002145008BBF0>, <snowplow_tracker.self_describing_json.SelfDescribingJson object at 0x0000021451060F20>]}
[0m16:15:49.963203 [debug] [MainThread]: Flushing usage events
